# JRE version: OpenJDK Runtime Environment (21.0.6) (build 21.0.6+-13391695-b895.109)
# Java VM: OpenJDK 64-Bit Server VM (21.0.6+-13391695-b895.109, mixed mode, tiered, compressed oops, compressed class ptrs, g1 gc, windows-amd64)
GC Precious Log:
 CardTable entry size: 512
 Card Set container configuration: InlinePtr #cards 5 size 8 Array Of Cards #cards 12 size 40 Howl #buckets 4 coarsen threshold 1843 Howl Bitmap #cards 512 size 80 coarsen threshold 460 Card regions per heap region 1 cards per card region 2048
 CPUs: 8 total, 8 available
 Memory: 16167M
 Large Page Support: Disabled
 NUMA Support: Disabled
 Compressed Oops: Enabled (32-bit)
 Heap Region Size: 1M
 Heap Min Capacity: 8M
 Heap Initial Capacity: 254M
 Heap Max Capacity: 2G
 Pre-touch: Disabled
 Parallel Workers: 8
 Concurrent Workers: 2
 Concurrent Refinement Workers: 8
 Periodic GC: Disabled
Heap:
 garbage-first heap   total 403456K, used 304464K [0x0000000080000000, 0x0000000100000000)
  region size 1024K, 75 young (76800K), 15 survivors (15360K)
 Metaspace       used 211239K, committed 214336K, reserved 1245184K
  class space    used 26896K, committed 28416K, reserved 1048576K
GC Heap History (20 events):
Event: 26.319 GC heap before
{Heap before GC invocations=51 (full 0):
 garbage-first heap   total 322560K, used 298077K [0x0000000080000000, 0x0000000100000000)
  region size 1024K, 103 young (105472K), 11 survivors (11264K)
 Metaspace       used 161759K, committed 164288K, reserved 1245184K
  class space    used 20702K, committed 21952K, reserved 1048576K
}
Event: 26.329 GC heap after
{Heap after GC invocations=52 (full 0):
 garbage-first heap   total 322560K, used 205285K [0x0000000080000000, 0x0000000100000000)
  region size 1024K, 13 young (13312K), 13 survivors (13312K)
 Metaspace       used 161759K, committed 164288K, reserved 1245184K
  class space    used 20702K, committed 21952K, reserved 1048576K
}
Event: 26.691 GC heap before
{Heap before GC invocations=52 (full 0):
 garbage-first heap   total 322560K, used 225765K [0x0000000080000000, 0x0000000100000000)
  region size 1024K, 34 young (34816K), 13 survivors (13312K)
 Metaspace       used 164310K, committed 166912K, reserved 1245184K
  class space    used 21037K, committed 22336K, reserved 1048576K
}
Event: 26.697 GC heap after
{Heap after GC invocations=53 (full 0):
 garbage-first heap   total 322560K, used 207538K [0x0000000080000000, 0x0000000100000000)
  region size 1024K, 8 young (8192K), 8 survivors (8192K)
 Metaspace       used 164310K, committed 166912K, reserved 1245184K
  class space    used 21037K, committed 22336K, reserved 1048576K
}
Event: 28.091 GC heap before
{Heap before GC invocations=54 (full 0):
 garbage-first heap   total 352256K, used 298674K [0x0000000080000000, 0x0000000100000000)
  region size 1024K, 94 young (96256K), 8 survivors (8192K)
 Metaspace       used 168737K, committed 171328K, reserved 1245184K
  class space    used 21673K, committed 22976K, reserved 1048576K
}
Event: 28.098 GC heap after
{Heap after GC invocations=55 (full 0):
 garbage-first heap   total 352256K, used 217038K [0x0000000080000000, 0x0000000100000000)
  region size 1024K, 8 young (8192K), 8 survivors (8192K)
 Metaspace       used 168737K, committed 171328K, reserved 1245184K
  class space    used 21673K, committed 22976K, reserved 1048576K
}
Event: 28.537 GC heap before
{Heap before GC invocations=55 (full 0):
 garbage-first heap   total 352256K, used 323534K [0x0000000080000000, 0x0000000100000000)
  region size 1024K, 111 young (113664K), 8 survivors (8192K)
 Metaspace       used 169223K, committed 171904K, reserved 1245184K
  class space    used 21691K, committed 23040K, reserved 1048576K
}
Event: 28.546 GC heap after
{Heap after GC invocations=56 (full 0):
 garbage-first heap   total 352256K, used 223192K [0x0000000080000000, 0x0000000100000000)
  region size 1024K, 14 young (14336K), 14 survivors (14336K)
 Metaspace       used 169223K, committed 171904K, reserved 1245184K
  class space    used 21691K, committed 23040K, reserved 1048576K
}
Event: 30.061 GC heap before
{Heap before GC invocations=56 (full 0):
 garbage-first heap   total 352256K, used 316376K [0x0000000080000000, 0x0000000100000000)
  region size 1024K, 106 young (108544K), 14 survivors (14336K)
 Metaspace       used 176054K, committed 178752K, reserved 1245184K
  class space    used 22358K, committed 23744K, reserved 1048576K
}
Event: 30.073 GC heap after
{Heap after GC invocations=57 (full 0):
 garbage-first heap   total 352256K, used 232115K [0x0000000080000000, 0x0000000100000000)
  region size 1024K, 8 young (8192K), 8 survivors (8192K)
 Metaspace       used 176054K, committed 178752K, reserved 1245184K
  class space    used 22358K, committed 23744K, reserved 1048576K
}
Event: 31.218 GC heap before
{Heap before GC invocations=58 (full 0):
 garbage-first heap   total 389120K, used 325299K [0x0000000080000000, 0x0000000100000000)
  region size 1024K, 98 young (100352K), 8 survivors (8192K)
 Metaspace       used 182734K, committed 185472K, reserved 1245184K
  class space    used 23441K, committed 24832K, reserved 1048576K
}
Event: 31.225 GC heap after
{Heap after GC invocations=59 (full 0):
 garbage-first heap   total 389120K, used 236312K [0x0000000080000000, 0x0000000100000000)
  region size 1024K, 4 young (4096K), 4 survivors (4096K)
 Metaspace       used 182734K, committed 185472K, reserved 1245184K
  class space    used 23441K, committed 24832K, reserved 1048576K
}
Event: 32.861 GC heap before
{Heap before GC invocations=59 (full 0):
 garbage-first heap   total 389120K, used 367384K [0x0000000080000000, 0x0000000100000000)
  region size 1024K, 126 young (129024K), 4 survivors (4096K)
 Metaspace       used 191078K, committed 193920K, reserved 1245184K
  class space    used 24434K, committed 25856K, reserved 1048576K
}
Event: 32.873 GC heap after
{Heap after GC invocations=60 (full 0):
 garbage-first heap   total 389120K, used 239605K [0x0000000080000000, 0x0000000100000000)
  region size 1024K, 15 young (15360K), 15 survivors (15360K)
 Metaspace       used 191078K, committed 193920K, reserved 1245184K
  class space    used 24434K, committed 25856K, reserved 1048576K
}
Event: 33.949 GC heap before
{Heap before GC invocations=60 (full 0):
 garbage-first heap   total 389120K, used 353269K [0x0000000080000000, 0x0000000100000000)
  region size 1024K, 126 young (129024K), 15 survivors (15360K)
 Metaspace       used 191079K, committed 193920K, reserved 1245184K
  class space    used 24434K, committed 25856K, reserved 1048576K
}
Event: 33.960 GC heap after
{Heap after GC invocations=61 (full 0):
 garbage-first heap   total 389120K, used 244719K [0x0000000080000000, 0x0000000100000000)
  region size 1024K, 8 young (8192K), 8 survivors (8192K)
 Metaspace       used 191079K, committed 193920K, reserved 1245184K
  class space    used 24434K, committed 25856K, reserved 1048576K
}
Event: 35.481 GC heap before
{Heap before GC invocations=62 (full 0):
 garbage-first heap   total 403456K, used 355311K [0x0000000080000000, 0x0000000100000000)
  region size 1024K, 119 young (121856K), 8 survivors (8192K)
 Metaspace       used 200765K, committed 203712K, reserved 1245184K
  class space    used 25669K, committed 27136K, reserved 1048576K
}
Event: 35.490 GC heap after
{Heap after GC invocations=63 (full 0):
 garbage-first heap   total 403456K, used 246127K [0x0000000080000000, 0x0000000100000000)
  region size 1024K, 13 young (13312K), 13 survivors (13312K)
 Metaspace       used 200765K, committed 203712K, reserved 1245184K
  class space    used 25669K, committed 27136K, reserved 1048576K
}
Event: 48.961 GC heap before
{Heap before GC invocations=63 (full 0):
 garbage-first heap   total 403456K, used 366959K [0x0000000080000000, 0x0000000100000000)
  region size 1024K, 132 young (135168K), 13 survivors (13312K)
 Metaspace       used 205883K, committed 208832K, reserved 1245184K
  class space    used 26262K, committed 27712K, reserved 1048576K
}
Event: 48.971 GC heap after
{Heap after GC invocations=64 (full 0):
 garbage-first heap   total 403456K, used 244048K [0x0000000080000000, 0x0000000100000000)
  region size 1024K, 15 young (15360K), 15 survivors (15360K)
 Metaspace       used 205883K, committed 208832K, reserved 1245184K
  class space    used 26262K, committed 27712K, reserved 1048576K
}

